[debug] [2020-10-31T20:30:05.341Z] ----------------------------------------------------------------------
[debug] [2020-10-31T20:30:05.343Z] Command:       /usr/local/bin/node /usr/local/bin/firebase emulators:start
[debug] [2020-10-31T20:30:05.343Z] CLI Version:   8.13.1
[debug] [2020-10-31T20:30:05.343Z] Platform:      darwin
[debug] [2020-10-31T20:30:05.343Z] Node Version:  v12.13.0
[debug] [2020-10-31T20:30:05.345Z] Time:          Sat Oct 31 2020 23:30:05 GMT+0300 (GMT+03:00)
[debug] [2020-10-31T20:30:05.345Z] ----------------------------------------------------------------------
[debug] [2020-10-31T20:30:05.346Z] 
[debug] [2020-10-31T20:30:05.360Z] > command requires scopes: ["email","openid","https://www.googleapis.com/auth/cloudplatformprojects.readonly","https://www.googleapis.com/auth/firebase","https://www.googleapis.com/auth/cloud-platform"]
[debug] [2020-10-31T20:30:05.361Z] > authorizing via signed-in user
[info] i  emulators: Starting emulators: functions, hosting {"metadata":{"emulator":{"name":"hub"},"message":"Starting emulators: functions, hosting"}}
[debug] [2020-10-31T20:30:05.387Z] [hub] writing locator at /var/folders/z4/mtv71bqn1y13g6sfw6blq_r00000gn/T/hub-challenge-b65d5.json
[warn] ⚠  functions: The following emulators are not running, calls to these services from the Functions emulator will affect production: auth, firestore, database, pubsub {"metadata":{"emulator":{"name":"functions"},"message":"The following emulators are not running, calls to these services from the Functions emulator will affect production: \u001b[1mauth, firestore, database, pubsub\u001b[22m"}}
[info] ✔  functions: Using node@12 from host. {"metadata":{"emulator":{"name":"functions"},"message":"Using node@12 from host."}}
[debug] [2020-10-31T20:30:05.422Z] defaultcredentials: writing to file /Users/izelgurbuz/.config/firebase/izelgurbuz_gmail_com_application_default_credentials.json
[debug] [2020-10-31T20:30:05.426Z] Setting GAC to /Users/izelgurbuz/.config/firebase/izelgurbuz_gmail_com_application_default_credentials.json {"metadata":{"emulator":{"name":"functions"},"message":"Setting GAC to /Users/izelgurbuz/.config/firebase/izelgurbuz_gmail_com_application_default_credentials.json"}}
[debug] [2020-10-31T20:30:05.436Z] >>> HTTP REQUEST GET https://firebase.googleapis.com/v1beta1/projects/challenge-b65d5/webApps/-/config  
 
[debug] [2020-10-31T20:30:05.589Z] [work-queue] {"queueLength":1,"workRunningCount":0}
[debug] [2020-10-31T20:30:05.589Z] [work-queue] {"queueLength":0,"workRunningCount":1}
[debug] [2020-10-31T20:30:05.591Z] FirebaseError: No trigger with name api {"metadata":{"emulator":{"name":"functions"},"message":{"name":"FirebaseError","children":[],"exit":1,"message":"No trigger with name api","status":500}}}
[debug] [2020-10-31T20:30:05.591Z] [work-queue] {"queueLength":0,"workRunningCount":0}
[debug] [2020-10-31T20:30:06.310Z] <<< HTTP RESPONSE 200 {"content-type":"application/json; charset=UTF-8","vary":"X-Origin, Referer, Origin,Accept-Encoding","date":"Sat, 31 Oct 2020 20:30:06 GMT","server":"ESF","cache-control":"private","x-xss-protection":"0","x-frame-options":"SAMEORIGIN","x-content-type-options":"nosniff","alt-svc":"h3-Q050=\":443\"; ma=2592000,h3-29=\":443\"; ma=2592000,h3-T051=\":443\"; ma=2592000,h3-T050=\":443\"; ma=2592000,h3-Q046=\":443\"; ma=2592000,h3-Q043=\":443\"; ma=2592000,quic=\":443\"; ma=2592000; v=\"46,43\"","accept-ranges":"none","transfer-encoding":"chunked"}
[info] i  hosting: Serving hosting files from: build {"metadata":{"emulator":{"name":"hosting"},"message":"Serving hosting files from: \u001b[1mbuild\u001b[22m"}}
[info] ✔  hosting: Local server: http://localhost:5000 {"metadata":{"emulator":{"name":"hosting"},"message":"Local server: \u001b[4m\u001b[1mhttp://localhost:5000\u001b[22m\u001b[24m"}}
[warn] ⚠  ui: Emulator UI unable to start on port 4000, starting on 4001 instead. {"metadata":{"emulator":{"name":"ui"},"message":"Emulator UI unable to start on port 4000, starting on 4001 instead."}}
[debug] [2020-10-31T20:30:06.624Z] Ignoring unsupported arg: auto_download {"metadata":{"emulator":{"name":"ui"},"message":"Ignoring unsupported arg: auto_download"}}
[debug] [2020-10-31T20:30:06.624Z] Ignoring unsupported arg: port {"metadata":{"emulator":{"name":"ui"},"message":"Ignoring unsupported arg: port"}}
[debug] [2020-10-31T20:30:06.624Z] Starting Emulator UI with command {"binary":"node","args":["/Users/izelgurbuz/.cache/firebase/emulators/ui-v1.1.1/server.bundle.js"],"optionalArgs":[],"joinArgs":false} {"metadata":{"emulator":{"name":"ui"},"message":"Starting Emulator UI with command {\"binary\":\"node\",\"args\":[\"/Users/izelgurbuz/.cache/firebase/emulators/ui-v1.1.1/server.bundle.js\"],\"optionalArgs\":[],\"joinArgs\":false}"}}
[info] i  ui: Emulator UI logging to ui-debug.log {"metadata":{"emulator":{"name":"ui"},"message":"Emulator UI logging to \u001b[1mui-debug.log\u001b[22m"}}
[debug] [2020-10-31T20:30:06.744Z] Web / API server started at http://localhost:4001
 {"metadata":{"emulator":{"name":"ui"},"message":"Web / API server started at http://localhost:4001\n"}}
[info] i  functions: Watching "/Users/izelgurbuz/Desktop/projects/AmazonClone/amazon-clone/functions" for Cloud Functions... {"metadata":{"emulator":{"name":"functions"},"message":"Watching \"/Users/izelgurbuz/Desktop/projects/AmazonClone/amazon-clone/functions\" for Cloud Functions..."}}
[debug] [2020-10-31T20:30:06.894Z] [worker-pool] addWorker(~diagnostic~) {"metadata":{"emulator":{"name":"functions"},"message":"[worker-pool] addWorker(~diagnostic~)"}}
[debug] [2020-10-31T20:30:06.895Z] [worker-pool] Adding worker with key ~diagnostic~, total=1 {"metadata":{"emulator":{"name":"functions"},"message":"[worker-pool] Adding worker with key ~diagnostic~, total=1"}}
[debug] [2020-10-31T20:30:06.895Z] [worker-pool] submitWork(triggerId=) {"metadata":{"emulator":{"name":"functions"},"message":"[worker-pool] submitWork(triggerId=)"}}
[debug] [2020-10-31T20:30:06.896Z] [worker-~diagnostic~-37f50959-b419-426e-9b0f-b2c526feee9c]: Assigning socketPath: /var/folders/z4/mtv71bqn1y13g6sfw6blq_r00000gn/T/fire_emu_74888.sock {"metadata":{"emulator":{"name":"functions"},"message":"[worker-~diagnostic~-37f50959-b419-426e-9b0f-b2c526feee9c]: Assigning socketPath: /var/folders/z4/mtv71bqn1y13g6sfw6blq_r00000gn/T/fire_emu_74888.sock"}}
[debug] [2020-10-31T20:30:06.896Z] [worker-~diagnostic~-37f50959-b419-426e-9b0f-b2c526feee9c]: BUSY {"metadata":{"emulator":{"name":"functions"},"message":"[worker-~diagnostic~-37f50959-b419-426e-9b0f-b2c526feee9c]: BUSY"}}
[debug] [2020-10-31T20:30:07.342Z] [runtime-status] [74888] Functions runtime initialized. {"cwd":"/Users/izelgurbuz/Desktop/projects/AmazonClone/amazon-clone/functions","node_version":"12.13.0"} {"metadata":{"emulator":{"name":"functions"},"message":"[runtime-status] [74888] Functions runtime initialized. {\"cwd\":\"/Users/izelgurbuz/Desktop/projects/AmazonClone/amazon-clone/functions\",\"node_version\":\"12.13.0\"}"}}
[debug] [2020-10-31T20:30:07.345Z] [runtime-status] [74888] Disabled runtime features: undefined {"metadata":{"emulator":{"name":"functions"},"message":"[runtime-status] [74888] Disabled runtime features: undefined"}}
[debug] [2020-10-31T20:30:07.352Z] [runtime-status] [74888] Resolved module firebase-admin {"declared":true,"installed":true,"version":"9.3.0","resolution":"/Users/izelgurbuz/Desktop/projects/AmazonClone/amazon-clone/functions/node_modules/firebase-admin/lib/index.js"} {"metadata":{"emulator":{"name":"functions"},"message":"[runtime-status] [74888] Resolved module firebase-admin {\"declared\":true,\"installed\":true,\"version\":\"9.3.0\",\"resolution\":\"/Users/izelgurbuz/Desktop/projects/AmazonClone/amazon-clone/functions/node_modules/firebase-admin/lib/index.js\"}"}}
[debug] [2020-10-31T20:30:07.354Z] [runtime-status] [74888] Resolved module firebase-functions {"declared":true,"installed":true,"version":"3.11.0","resolution":"/Users/izelgurbuz/Desktop/projects/AmazonClone/amazon-clone/functions/node_modules/firebase-functions/lib/index.js"} {"metadata":{"emulator":{"name":"functions"},"message":"[runtime-status] [74888] Resolved module firebase-functions {\"declared\":true,\"installed\":true,\"version\":\"3.11.0\",\"resolution\":\"/Users/izelgurbuz/Desktop/projects/AmazonClone/amazon-clone/functions/node_modules/firebase-functions/lib/index.js\"}"}}
[debug] [2020-10-31T20:30:07.356Z] [runtime-status] [74888] Resolved module firebase-functions {"declared":true,"installed":true,"version":"3.11.0","resolution":"/Users/izelgurbuz/Desktop/projects/AmazonClone/amazon-clone/functions/node_modules/firebase-functions/lib/index.js"} {"metadata":{"emulator":{"name":"functions"},"message":"[runtime-status] [74888] Resolved module firebase-functions {\"declared\":true,\"installed\":true,\"version\":\"3.11.0\",\"resolution\":\"/Users/izelgurbuz/Desktop/projects/AmazonClone/amazon-clone/functions/node_modules/firebase-functions/lib/index.js\"}"}}
[debug] [2020-10-31T20:30:07.359Z] [runtime-status] [74888] Outgoing network have been stubbed. [{"name":"http","status":"mocked"},{"name":"http","status":"mocked"},{"name":"https","status":"mocked"},{"name":"https","status":"mocked"},{"name":"net","status":"mocked"}] {"metadata":{"emulator":{"name":"functions"},"message":"[runtime-status] [74888] Outgoing network have been stubbed. [{\"name\":\"http\",\"status\":\"mocked\"},{\"name\":\"http\",\"status\":\"mocked\"},{\"name\":\"https\",\"status\":\"mocked\"},{\"name\":\"https\",\"status\":\"mocked\"},{\"name\":\"net\",\"status\":\"mocked\"}]"}}
[debug] [2020-10-31T20:30:07.360Z] [runtime-status] [74888] Resolved module firebase-functions {"declared":true,"installed":true,"version":"3.11.0","resolution":"/Users/izelgurbuz/Desktop/projects/AmazonClone/amazon-clone/functions/node_modules/firebase-functions/lib/index.js"} {"metadata":{"emulator":{"name":"functions"},"message":"[runtime-status] [74888] Resolved module firebase-functions {\"declared\":true,\"installed\":true,\"version\":\"3.11.0\",\"resolution\":\"/Users/izelgurbuz/Desktop/projects/AmazonClone/amazon-clone/functions/node_modules/firebase-functions/lib/index.js\"}"}}
[debug] [2020-10-31T20:30:07.422Z] [runtime-status] [74888] Checked functions.config() {"config":{}} {"metadata":{"emulator":{"name":"functions"},"message":"[runtime-status] [74888] Checked functions.config() {\"config\":{}}"}}
[debug] [2020-10-31T20:30:07.423Z] [runtime-status] [74888] firebase-functions has been stubbed. {"functionsResolution":{"declared":true,"installed":true,"version":"3.11.0","resolution":"/Users/izelgurbuz/Desktop/projects/AmazonClone/amazon-clone/functions/node_modules/firebase-functions/lib/index.js"}} {"metadata":{"emulator":{"name":"functions"},"message":"[runtime-status] [74888] firebase-functions has been stubbed. {\"functionsResolution\":{\"declared\":true,\"installed\":true,\"version\":\"3.11.0\",\"resolution\":\"/Users/izelgurbuz/Desktop/projects/AmazonClone/amazon-clone/functions/node_modules/firebase-functions/lib/index.js\"}}"}}
[debug] [2020-10-31T20:30:07.425Z] [runtime-status] [74888] Resolved module firebase-functions {"declared":true,"installed":true,"version":"3.11.0","resolution":"/Users/izelgurbuz/Desktop/projects/AmazonClone/amazon-clone/functions/node_modules/firebase-functions/lib/index.js"} {"metadata":{"emulator":{"name":"functions"},"message":"[runtime-status] [74888] Resolved module firebase-functions {\"declared\":true,\"installed\":true,\"version\":\"3.11.0\",\"resolution\":\"/Users/izelgurbuz/Desktop/projects/AmazonClone/amazon-clone/functions/node_modules/firebase-functions/lib/index.js\"}"}}
[debug] [2020-10-31T20:30:07.426Z] [runtime-status] [74888] Resolved module firebase-admin {"declared":true,"installed":true,"version":"9.3.0","resolution":"/Users/izelgurbuz/Desktop/projects/AmazonClone/amazon-clone/functions/node_modules/firebase-admin/lib/index.js"} {"metadata":{"emulator":{"name":"functions"},"message":"[runtime-status] [74888] Resolved module firebase-admin {\"declared\":true,\"installed\":true,\"version\":\"9.3.0\",\"resolution\":\"/Users/izelgurbuz/Desktop/projects/AmazonClone/amazon-clone/functions/node_modules/firebase-admin/lib/index.js\"}"}}
[debug] [2020-10-31T20:30:07.426Z] [runtime-status] [74888] Resolved module firebase-functions {"declared":true,"installed":true,"version":"3.11.0","resolution":"/Users/izelgurbuz/Desktop/projects/AmazonClone/amazon-clone/functions/node_modules/firebase-functions/lib/index.js"} {"metadata":{"emulator":{"name":"functions"},"message":"[runtime-status] [74888] Resolved module firebase-functions {\"declared\":true,\"installed\":true,\"version\":\"3.11.0\",\"resolution\":\"/Users/izelgurbuz/Desktop/projects/AmazonClone/amazon-clone/functions/node_modules/firebase-functions/lib/index.js\"}"}}
[debug] [2020-10-31T20:30:07.427Z] [runtime-status] [74888] firebase-admin has been stubbed. {"adminResolution":{"declared":true,"installed":true,"version":"9.3.0","resolution":"/Users/izelgurbuz/Desktop/projects/AmazonClone/amazon-clone/functions/node_modules/firebase-admin/lib/index.js"}} {"metadata":{"emulator":{"name":"functions"},"message":"[runtime-status] [74888] firebase-admin has been stubbed. {\"adminResolution\":{\"declared\":true,\"installed\":true,\"version\":\"9.3.0\",\"resolution\":\"/Users/izelgurbuz/Desktop/projects/AmazonClone/amazon-clone/functions/node_modules/firebase-admin/lib/index.js\"}}"}}
[debug] [2020-10-31T20:30:07.626Z] [worker-~diagnostic~-37f50959-b419-426e-9b0f-b2c526feee9c]: IDLE {"metadata":{"emulator":{"name":"functions"},"message":"[worker-~diagnostic~-37f50959-b419-426e-9b0f-b2c526feee9c]: IDLE"}}
[info] ✔  functions[api]: http function initialized (http://localhost:5001/challenge-b65d5/us-central1/api). {"metadata":{"emulator":{"name":"functions"},"message":"\u001b[1mhttp\u001b[22m function initialized (http://localhost:5001/challenge-b65d5/us-central1/api)."}}
[info] 
┌───────────────────────────────────────────────────────────────────────┐
│ ✔  All emulators ready! View status and logs at http://localhost:4001 │
└───────────────────────────────────────────────────────────────────────┘

┌───────────┬────────────────┬─────────────────────────────────┐
│ Emulator  │ Host:Port      │ View in Emulator UI             │
├───────────┼────────────────┼─────────────────────────────────┤
│ Functions │ localhost:5001 │ http://localhost:4001/functions │
├───────────┼────────────────┼─────────────────────────────────┤
│ Hosting   │ localhost:5000 │ n/a                             │
└───────────┴────────────────┴─────────────────────────────────┘
  Other reserved ports: 4400, 4500

Issues? Report them at https://github.com/firebase/firebase-tools/issues and attach the *-debug.log files.
 
[debug] [2020-10-31T20:30:18.608Z] [work-queue] {"queueLength":1,"workRunningCount":0}
[debug] [2020-10-31T20:30:18.609Z] [work-queue] {"queueLength":0,"workRunningCount":1}
[debug] [2020-10-31T20:30:18.609Z] Accepted request GET /challenge-b65d5/us-central1/api --> api
[debug] [2020-10-31T20:30:18.614Z] [worker-pool] addWorker(api) {"metadata":{"emulator":{"name":"functions"},"message":"[worker-pool] addWorker(api)"}}
[debug] [2020-10-31T20:30:18.614Z] [worker-pool] Adding worker with key api, total=1 {"metadata":{"emulator":{"name":"functions"},"message":"[worker-pool] Adding worker with key api, total=1"}}
[debug] [2020-10-31T20:30:18.614Z] [worker-pool] submitWork(triggerId=api) {"metadata":{"emulator":{"name":"functions"},"message":"[worker-pool] submitWork(triggerId=api)"}}
[debug] [2020-10-31T20:30:18.615Z] [worker-api-b2a715bc-1aff-4805-bb59-500529a8f977]: Assigning socketPath: /var/folders/z4/mtv71bqn1y13g6sfw6blq_r00000gn/T/fire_emu_74899.sock {"metadata":{"emulator":{"name":"functions"},"message":"[worker-api-b2a715bc-1aff-4805-bb59-500529a8f977]: Assigning socketPath: /var/folders/z4/mtv71bqn1y13g6sfw6blq_r00000gn/T/fire_emu_74899.sock"}}
[debug] [2020-10-31T20:30:18.615Z] [worker-api-b2a715bc-1aff-4805-bb59-500529a8f977]: BUSY {"metadata":{"emulator":{"name":"functions"},"message":"[worker-api-b2a715bc-1aff-4805-bb59-500529a8f977]: BUSY"}}
[debug] [2020-10-31T20:30:18.987Z] [runtime-status] [74899] Functions runtime initialized. {"cwd":"/Users/izelgurbuz/Desktop/projects/AmazonClone/amazon-clone/functions","node_version":"12.13.0"} {"metadata":{"emulator":{"name":"functions"},"function":{"name":"api"},"message":"[runtime-status] [74899] Functions runtime initialized. {\"cwd\":\"/Users/izelgurbuz/Desktop/projects/AmazonClone/amazon-clone/functions\",\"node_version\":\"12.13.0\"}"}}
[debug] [2020-10-31T20:30:18.989Z] [runtime-status] [74899] Disabled runtime features: undefined {"metadata":{"emulator":{"name":"functions"},"function":{"name":"api"},"message":"[runtime-status] [74899] Disabled runtime features: undefined"}}
[debug] [2020-10-31T20:30:18.992Z] [runtime-status] [74899] Resolved module firebase-admin {"declared":true,"installed":true,"version":"9.3.0","resolution":"/Users/izelgurbuz/Desktop/projects/AmazonClone/amazon-clone/functions/node_modules/firebase-admin/lib/index.js"} {"metadata":{"emulator":{"name":"functions"},"function":{"name":"api"},"message":"[runtime-status] [74899] Resolved module firebase-admin {\"declared\":true,\"installed\":true,\"version\":\"9.3.0\",\"resolution\":\"/Users/izelgurbuz/Desktop/projects/AmazonClone/amazon-clone/functions/node_modules/firebase-admin/lib/index.js\"}"}}
[debug] [2020-10-31T20:30:18.993Z] [runtime-status] [74899] Resolved module firebase-functions {"declared":true,"installed":true,"version":"3.11.0","resolution":"/Users/izelgurbuz/Desktop/projects/AmazonClone/amazon-clone/functions/node_modules/firebase-functions/lib/index.js"} {"metadata":{"emulator":{"name":"functions"},"function":{"name":"api"},"message":"[runtime-status] [74899] Resolved module firebase-functions {\"declared\":true,\"installed\":true,\"version\":\"3.11.0\",\"resolution\":\"/Users/izelgurbuz/Desktop/projects/AmazonClone/amazon-clone/functions/node_modules/firebase-functions/lib/index.js\"}"}}
[debug] [2020-10-31T20:30:18.994Z] [runtime-status] [74899] Resolved module firebase-functions {"declared":true,"installed":true,"version":"3.11.0","resolution":"/Users/izelgurbuz/Desktop/projects/AmazonClone/amazon-clone/functions/node_modules/firebase-functions/lib/index.js"} {"metadata":{"emulator":{"name":"functions"},"function":{"name":"api"},"message":"[runtime-status] [74899] Resolved module firebase-functions {\"declared\":true,\"installed\":true,\"version\":\"3.11.0\",\"resolution\":\"/Users/izelgurbuz/Desktop/projects/AmazonClone/amazon-clone/functions/node_modules/firebase-functions/lib/index.js\"}"}}
[debug] [2020-10-31T20:30:18.998Z] [runtime-status] [74899] Outgoing network have been stubbed. [{"name":"http","status":"mocked"},{"name":"http","status":"mocked"},{"name":"https","status":"mocked"},{"name":"https","status":"mocked"},{"name":"net","status":"mocked"}] {"metadata":{"emulator":{"name":"functions"},"function":{"name":"api"},"message":"[runtime-status] [74899] Outgoing network have been stubbed. [{\"name\":\"http\",\"status\":\"mocked\"},{\"name\":\"http\",\"status\":\"mocked\"},{\"name\":\"https\",\"status\":\"mocked\"},{\"name\":\"https\",\"status\":\"mocked\"},{\"name\":\"net\",\"status\":\"mocked\"}]"}}
[debug] [2020-10-31T20:30:18.998Z] [runtime-status] [74899] Resolved module firebase-functions {"declared":true,"installed":true,"version":"3.11.0","resolution":"/Users/izelgurbuz/Desktop/projects/AmazonClone/amazon-clone/functions/node_modules/firebase-functions/lib/index.js"} {"metadata":{"emulator":{"name":"functions"},"function":{"name":"api"},"message":"[runtime-status] [74899] Resolved module firebase-functions {\"declared\":true,\"installed\":true,\"version\":\"3.11.0\",\"resolution\":\"/Users/izelgurbuz/Desktop/projects/AmazonClone/amazon-clone/functions/node_modules/firebase-functions/lib/index.js\"}"}}
[debug] [2020-10-31T20:30:19.042Z] [runtime-status] [74899] Checked functions.config() {"config":{}} {"metadata":{"emulator":{"name":"functions"},"function":{"name":"api"},"message":"[runtime-status] [74899] Checked functions.config() {\"config\":{}}"}}
[debug] [2020-10-31T20:30:19.042Z] [runtime-status] [74899] firebase-functions has been stubbed. {"functionsResolution":{"declared":true,"installed":true,"version":"3.11.0","resolution":"/Users/izelgurbuz/Desktop/projects/AmazonClone/amazon-clone/functions/node_modules/firebase-functions/lib/index.js"}} {"metadata":{"emulator":{"name":"functions"},"function":{"name":"api"},"message":"[runtime-status] [74899] firebase-functions has been stubbed. {\"functionsResolution\":{\"declared\":true,\"installed\":true,\"version\":\"3.11.0\",\"resolution\":\"/Users/izelgurbuz/Desktop/projects/AmazonClone/amazon-clone/functions/node_modules/firebase-functions/lib/index.js\"}}"}}
[debug] [2020-10-31T20:30:19.042Z] [runtime-status] [74899] Resolved module firebase-functions {"declared":true,"installed":true,"version":"3.11.0","resolution":"/Users/izelgurbuz/Desktop/projects/AmazonClone/amazon-clone/functions/node_modules/firebase-functions/lib/index.js"} {"metadata":{"emulator":{"name":"functions"},"function":{"name":"api"},"message":"[runtime-status] [74899] Resolved module firebase-functions {\"declared\":true,\"installed\":true,\"version\":\"3.11.0\",\"resolution\":\"/Users/izelgurbuz/Desktop/projects/AmazonClone/amazon-clone/functions/node_modules/firebase-functions/lib/index.js\"}"}}
[debug] [2020-10-31T20:30:19.044Z] [runtime-status] [74899] Resolved module firebase-admin {"declared":true,"installed":true,"version":"9.3.0","resolution":"/Users/izelgurbuz/Desktop/projects/AmazonClone/amazon-clone/functions/node_modules/firebase-admin/lib/index.js"} {"metadata":{"emulator":{"name":"functions"},"function":{"name":"api"},"message":"[runtime-status] [74899] Resolved module firebase-admin {\"declared\":true,\"installed\":true,\"version\":\"9.3.0\",\"resolution\":\"/Users/izelgurbuz/Desktop/projects/AmazonClone/amazon-clone/functions/node_modules/firebase-admin/lib/index.js\"}"}}
[debug] [2020-10-31T20:30:19.044Z] [runtime-status] [74899] Resolved module firebase-functions {"declared":true,"installed":true,"version":"3.11.0","resolution":"/Users/izelgurbuz/Desktop/projects/AmazonClone/amazon-clone/functions/node_modules/firebase-functions/lib/index.js"} {"metadata":{"emulator":{"name":"functions"},"function":{"name":"api"},"message":"[runtime-status] [74899] Resolved module firebase-functions {\"declared\":true,\"installed\":true,\"version\":\"3.11.0\",\"resolution\":\"/Users/izelgurbuz/Desktop/projects/AmazonClone/amazon-clone/functions/node_modules/firebase-functions/lib/index.js\"}"}}
[debug] [2020-10-31T20:30:19.044Z] [runtime-status] [74899] firebase-admin has been stubbed. {"adminResolution":{"declared":true,"installed":true,"version":"9.3.0","resolution":"/Users/izelgurbuz/Desktop/projects/AmazonClone/amazon-clone/functions/node_modules/firebase-admin/lib/index.js"}} {"metadata":{"emulator":{"name":"functions"},"function":{"name":"api"},"message":"[runtime-status] [74899] firebase-admin has been stubbed. {\"adminResolution\":{\"declared\":true,\"installed\":true,\"version\":\"9.3.0\",\"resolution\":\"/Users/izelgurbuz/Desktop/projects/AmazonClone/amazon-clone/functions/node_modules/firebase-admin/lib/index.js\"}}"}}
[debug] [2020-10-31T20:30:19.152Z] [runtime-status] [74899] Trigger "api" has been found, beginning invocation! {"metadata":{"emulator":{"name":"functions"},"function":{"name":"api"},"message":"[runtime-status] [74899] Trigger \"api\" has been found, beginning invocation!"}}
[info] i  functions: Beginning execution of "api" {"metadata":{"emulator":{"name":"functions"},"function":{"name":"api"},"message":"Beginning execution of \"api\""}}
[debug] [2020-10-31T20:30:19.153Z] [runtime-status] [74899] triggerDefinition {"httpsTrigger":{},"name":"api","entryPoint":"api"} {"metadata":{"emulator":{"name":"functions"},"function":{"name":"api"},"message":"[runtime-status] [74899] triggerDefinition {\"httpsTrigger\":{},\"name\":\"api\",\"entryPoint\":\"api\"}"}}
[debug] [2020-10-31T20:30:19.153Z] [runtime-status] [74899] Running api in mode HTTPS {"metadata":{"emulator":{"name":"functions"},"function":{"name":"api"},"message":"[runtime-status] [74899] Running api in mode HTTPS"}}
[debug] [2020-10-31T20:30:19.157Z] [runtime-status] [74899] Attempting to listen to socketPath: /var/folders/z4/mtv71bqn1y13g6sfw6blq_r00000gn/T/fire_emu_74899.sock {"metadata":{"emulator":{"name":"functions"},"function":{"name":"api"},"message":"[runtime-status] [74899] Attempting to listen to socketPath: /var/folders/z4/mtv71bqn1y13g6sfw6blq_r00000gn/T/fire_emu_74899.sock"}}
[debug] [2020-10-31T20:30:19.161Z] [functions] Runtime ready! Sending request! {"metadata":{"emulator":{"name":"functions"},"message":"[functions] Runtime ready! Sending request!"}}
[debug] [2020-10-31T20:30:19.173Z] [runtime-status] [74899] Ephemeral server handling GET request {"metadata":{"emulator":{"name":"functions"},"function":{"name":"api"},"message":"[runtime-status] [74899] Ephemeral server handling GET request"}}
[debug] [2020-10-31T20:30:19.181Z] [runtime-status] [74899] Ephemeral server survived. {"metadata":{"emulator":{"name":"functions"},"function":{"name":"api"},"message":"[runtime-status] [74899] Ephemeral server survived."}}
[info] i  functions: Finished "api" in ~1s {"metadata":{"emulator":{"name":"functions"},"function":{"name":"api"},"message":"Finished \"api\" in ~1s"}}
[debug] [2020-10-31T20:30:19.188Z] [worker-api-b2a715bc-1aff-4805-bb59-500529a8f977]: IDLE {"metadata":{"emulator":{"name":"functions"},"message":"[worker-api-b2a715bc-1aff-4805-bb59-500529a8f977]: IDLE"}}
[debug] [2020-10-31T20:30:19.189Z] [work-queue] {"queueLength":0,"workRunningCount":0}
[debug] [2020-10-31T20:30:28.041Z] File /Users/izelgurbuz/Desktop/projects/AmazonClone/amazon-clone/functions/index.js changed, reloading triggers {"metadata":{"emulator":{"name":"functions"},"message":"File /Users/izelgurbuz/Desktop/projects/AmazonClone/amazon-clone/functions/index.js changed, reloading triggers"}}
[debug] [2020-10-31T20:30:29.043Z] [worker-pool] Shutting down IDLE worker (~diagnostic~) {"metadata":{"emulator":{"name":"functions"},"message":"[worker-pool] Shutting down IDLE worker (~diagnostic~)"}}
[debug] [2020-10-31T20:30:29.043Z] [worker-~diagnostic~-37f50959-b419-426e-9b0f-b2c526feee9c]: FINISHING {"metadata":{"emulator":{"name":"functions"},"message":"[worker-~diagnostic~-37f50959-b419-426e-9b0f-b2c526feee9c]: FINISHING"}}
[debug] [2020-10-31T20:30:29.043Z] [worker-pool] Shutting down IDLE worker (api) {"metadata":{"emulator":{"name":"functions"},"message":"[worker-pool] Shutting down IDLE worker (api)"}}
[debug] [2020-10-31T20:30:29.043Z] [worker-api-b2a715bc-1aff-4805-bb59-500529a8f977]: FINISHING {"metadata":{"emulator":{"name":"functions"},"message":"[worker-api-b2a715bc-1aff-4805-bb59-500529a8f977]: FINISHING"}}
[debug] [2020-10-31T20:30:29.053Z] [worker-pool] addWorker(~diagnostic~) {"metadata":{"emulator":{"name":"functions"},"message":"[worker-pool] addWorker(~diagnostic~)"}}
[debug] [2020-10-31T20:30:29.053Z] [worker-pool] Adding worker with key ~diagnostic~, total=2 {"metadata":{"emulator":{"name":"functions"},"message":"[worker-pool] Adding worker with key ~diagnostic~, total=2"}}
[debug] [2020-10-31T20:30:29.053Z] [worker-pool] submitWork(triggerId=) {"metadata":{"emulator":{"name":"functions"},"message":"[worker-pool] submitWork(triggerId=)"}}
[debug] [2020-10-31T20:30:29.053Z] [worker-~diagnostic~-b8865dbe-5903-4a6d-826c-5f96b855d9ca]: Assigning socketPath: /var/folders/z4/mtv71bqn1y13g6sfw6blq_r00000gn/T/fire_emu_74909.sock {"metadata":{"emulator":{"name":"functions"},"message":"[worker-~diagnostic~-b8865dbe-5903-4a6d-826c-5f96b855d9ca]: Assigning socketPath: /var/folders/z4/mtv71bqn1y13g6sfw6blq_r00000gn/T/fire_emu_74909.sock"}}
[debug] [2020-10-31T20:30:29.053Z] [worker-~diagnostic~-b8865dbe-5903-4a6d-826c-5f96b855d9ca]: BUSY {"metadata":{"emulator":{"name":"functions"},"message":"[worker-~diagnostic~-b8865dbe-5903-4a6d-826c-5f96b855d9ca]: BUSY"}}
[debug] [2020-10-31T20:30:29.055Z] [worker-~diagnostic~-37f50959-b419-426e-9b0f-b2c526feee9c]: exited {"metadata":{"emulator":{"name":"functions"},"message":"[worker-~diagnostic~-37f50959-b419-426e-9b0f-b2c526feee9c]: exited"}}
[debug] [2020-10-31T20:30:29.056Z] [worker-~diagnostic~-37f50959-b419-426e-9b0f-b2c526feee9c]: FINISHED {"metadata":{"emulator":{"name":"functions"},"message":"[worker-~diagnostic~-37f50959-b419-426e-9b0f-b2c526feee9c]: FINISHED"}}
[debug] [2020-10-31T20:30:29.056Z] [worker-api-b2a715bc-1aff-4805-bb59-500529a8f977]: exited {"metadata":{"emulator":{"name":"functions"},"message":"[worker-api-b2a715bc-1aff-4805-bb59-500529a8f977]: exited"}}
[debug] [2020-10-31T20:30:29.056Z] [worker-api-b2a715bc-1aff-4805-bb59-500529a8f977]: FINISHED {"metadata":{"emulator":{"name":"functions"},"message":"[worker-api-b2a715bc-1aff-4805-bb59-500529a8f977]: FINISHED"}}
[debug] [2020-10-31T20:30:29.445Z] [runtime-status] [74909] Functions runtime initialized. {"cwd":"/Users/izelgurbuz/Desktop/projects/AmazonClone/amazon-clone/functions","node_version":"12.13.0"} {"metadata":{"emulator":{"name":"functions"},"message":"[runtime-status] [74909] Functions runtime initialized. {\"cwd\":\"/Users/izelgurbuz/Desktop/projects/AmazonClone/amazon-clone/functions\",\"node_version\":\"12.13.0\"}"}}
[debug] [2020-10-31T20:30:29.446Z] [runtime-status] [74909] Disabled runtime features: undefined {"metadata":{"emulator":{"name":"functions"},"message":"[runtime-status] [74909] Disabled runtime features: undefined"}}
[debug] [2020-10-31T20:30:29.450Z] [runtime-status] [74909] Resolved module firebase-admin {"declared":true,"installed":true,"version":"9.3.0","resolution":"/Users/izelgurbuz/Desktop/projects/AmazonClone/amazon-clone/functions/node_modules/firebase-admin/lib/index.js"} {"metadata":{"emulator":{"name":"functions"},"message":"[runtime-status] [74909] Resolved module firebase-admin {\"declared\":true,\"installed\":true,\"version\":\"9.3.0\",\"resolution\":\"/Users/izelgurbuz/Desktop/projects/AmazonClone/amazon-clone/functions/node_modules/firebase-admin/lib/index.js\"}"}}
[debug] [2020-10-31T20:30:29.453Z] [runtime-status] [74909] Resolved module firebase-functions {"declared":true,"installed":true,"version":"3.11.0","resolution":"/Users/izelgurbuz/Desktop/projects/AmazonClone/amazon-clone/functions/node_modules/firebase-functions/lib/index.js"} {"metadata":{"emulator":{"name":"functions"},"message":"[runtime-status] [74909] Resolved module firebase-functions {\"declared\":true,\"installed\":true,\"version\":\"3.11.0\",\"resolution\":\"/Users/izelgurbuz/Desktop/projects/AmazonClone/amazon-clone/functions/node_modules/firebase-functions/lib/index.js\"}"}}
[debug] [2020-10-31T20:30:29.454Z] [runtime-status] [74909] Resolved module firebase-functions {"declared":true,"installed":true,"version":"3.11.0","resolution":"/Users/izelgurbuz/Desktop/projects/AmazonClone/amazon-clone/functions/node_modules/firebase-functions/lib/index.js"} {"metadata":{"emulator":{"name":"functions"},"message":"[runtime-status] [74909] Resolved module firebase-functions {\"declared\":true,\"installed\":true,\"version\":\"3.11.0\",\"resolution\":\"/Users/izelgurbuz/Desktop/projects/AmazonClone/amazon-clone/functions/node_modules/firebase-functions/lib/index.js\"}"}}
[debug] [2020-10-31T20:30:29.456Z] [runtime-status] [74909] Outgoing network have been stubbed. [{"name":"http","status":"mocked"},{"name":"http","status":"mocked"},{"name":"https","status":"mocked"},{"name":"https","status":"mocked"},{"name":"net","status":"mocked"}] {"metadata":{"emulator":{"name":"functions"},"message":"[runtime-status] [74909] Outgoing network have been stubbed. [{\"name\":\"http\",\"status\":\"mocked\"},{\"name\":\"http\",\"status\":\"mocked\"},{\"name\":\"https\",\"status\":\"mocked\"},{\"name\":\"https\",\"status\":\"mocked\"},{\"name\":\"net\",\"status\":\"mocked\"}]"}}
[debug] [2020-10-31T20:30:29.457Z] [runtime-status] [74909] Resolved module firebase-functions {"declared":true,"installed":true,"version":"3.11.0","resolution":"/Users/izelgurbuz/Desktop/projects/AmazonClone/amazon-clone/functions/node_modules/firebase-functions/lib/index.js"} {"metadata":{"emulator":{"name":"functions"},"message":"[runtime-status] [74909] Resolved module firebase-functions {\"declared\":true,\"installed\":true,\"version\":\"3.11.0\",\"resolution\":\"/Users/izelgurbuz/Desktop/projects/AmazonClone/amazon-clone/functions/node_modules/firebase-functions/lib/index.js\"}"}}
[debug] [2020-10-31T20:30:29.494Z] [runtime-status] [74909] Checked functions.config() {"config":{}} {"metadata":{"emulator":{"name":"functions"},"message":"[runtime-status] [74909] Checked functions.config() {\"config\":{}}"}}
[debug] [2020-10-31T20:30:29.495Z] [runtime-status] [74909] firebase-functions has been stubbed. {"functionsResolution":{"declared":true,"installed":true,"version":"3.11.0","resolution":"/Users/izelgurbuz/Desktop/projects/AmazonClone/amazon-clone/functions/node_modules/firebase-functions/lib/index.js"}} {"metadata":{"emulator":{"name":"functions"},"message":"[runtime-status] [74909] firebase-functions has been stubbed. {\"functionsResolution\":{\"declared\":true,\"installed\":true,\"version\":\"3.11.0\",\"resolution\":\"/Users/izelgurbuz/Desktop/projects/AmazonClone/amazon-clone/functions/node_modules/firebase-functions/lib/index.js\"}}"}}
[debug] [2020-10-31T20:30:29.495Z] [runtime-status] [74909] Resolved module firebase-functions {"declared":true,"installed":true,"version":"3.11.0","resolution":"/Users/izelgurbuz/Desktop/projects/AmazonClone/amazon-clone/functions/node_modules/firebase-functions/lib/index.js"} {"metadata":{"emulator":{"name":"functions"},"message":"[runtime-status] [74909] Resolved module firebase-functions {\"declared\":true,\"installed\":true,\"version\":\"3.11.0\",\"resolution\":\"/Users/izelgurbuz/Desktop/projects/AmazonClone/amazon-clone/functions/node_modules/firebase-functions/lib/index.js\"}"}}
[debug] [2020-10-31T20:30:29.496Z] [runtime-status] [74909] Resolved module firebase-admin {"declared":true,"installed":true,"version":"9.3.0","resolution":"/Users/izelgurbuz/Desktop/projects/AmazonClone/amazon-clone/functions/node_modules/firebase-admin/lib/index.js"} {"metadata":{"emulator":{"name":"functions"},"message":"[runtime-status] [74909] Resolved module firebase-admin {\"declared\":true,\"installed\":true,\"version\":\"9.3.0\",\"resolution\":\"/Users/izelgurbuz/Desktop/projects/AmazonClone/amazon-clone/functions/node_modules/firebase-admin/lib/index.js\"}"}}
[debug] [2020-10-31T20:30:29.496Z] [runtime-status] [74909] Resolved module firebase-functions {"declared":true,"installed":true,"version":"3.11.0","resolution":"/Users/izelgurbuz/Desktop/projects/AmazonClone/amazon-clone/functions/node_modules/firebase-functions/lib/index.js"} {"metadata":{"emulator":{"name":"functions"},"message":"[runtime-status] [74909] Resolved module firebase-functions {\"declared\":true,\"installed\":true,\"version\":\"3.11.0\",\"resolution\":\"/Users/izelgurbuz/Desktop/projects/AmazonClone/amazon-clone/functions/node_modules/firebase-functions/lib/index.js\"}"}}
[debug] [2020-10-31T20:30:29.497Z] [runtime-status] [74909] firebase-admin has been stubbed. {"adminResolution":{"declared":true,"installed":true,"version":"9.3.0","resolution":"/Users/izelgurbuz/Desktop/projects/AmazonClone/amazon-clone/functions/node_modules/firebase-admin/lib/index.js"}} {"metadata":{"emulator":{"name":"functions"},"message":"[runtime-status] [74909] firebase-admin has been stubbed. {\"adminResolution\":{\"declared\":true,\"installed\":true,\"version\":\"9.3.0\",\"resolution\":\"/Users/izelgurbuz/Desktop/projects/AmazonClone/amazon-clone/functions/node_modules/firebase-admin/lib/index.js\"}}"}}
[debug] [2020-10-31T20:30:29.606Z] [worker-~diagnostic~-b8865dbe-5903-4a6d-826c-5f96b855d9ca]: IDLE {"metadata":{"emulator":{"name":"functions"},"message":"[worker-~diagnostic~-b8865dbe-5903-4a6d-826c-5f96b855d9ca]: IDLE"}}
